<?xml version="1.0" encoding="UTF-8"?>
<!-- Generated by org.testng.reporters.JUnitXMLReporter -->
<testsuite ignored="0" hostname="DESKTOP-AHQ7GT0" failures="0" tests="3" name="Surefire test" time="106.011" errors="0" timestamp="30 Jul 2025 05:47:59 GMT">
  <testcase classname="medicare_test.MedicareLoginTest" name="LoginFailureTest" time="4.52"/>
  <testcase classname="medicare_test.MedicareSignupTest" name="LoginSucessTest" time="15.487"/>
  <testcase classname="medicare_test.MedicareLoginTest" name="LoginSucessTest" time="7.395"/>
</testsuite> <!-- Surefire test -->
