<?xml version="1.0" encoding="UTF-8"?>
<!-- Generated by org.testng.reporters.JUnitXMLReporter -->
<testsuite ignored="0" hostname="DESKTOP-AHQ7GT0" failures="0" tests="5" name="Surefire test" time="196.354" errors="0" timestamp="30 Jul 2025 11:28:36 GMT">
  <testcase classname="medicare_test.MedicareLoginTest" name="LoginFailureTest" time="13.371"/>
  <testcase classname="medicare_test.MedicareProductTest" name="multipleCartValue" time="22.611"/>
  <testcase classname="medicare_test.MedicareSignupTest" name="LoginSucessTest" time="18.986"/>
  <testcase classname="medicare_test.MedicareLoginTest" name="LoginSucessTest" time="9.835"/>
  <testcase classname="medicare_test.MedicareProductTest" name="AddToCartTest" time="15.373"/>
</testsuite> <!-- Surefire test -->
