<?xml version="1.0" encoding="UTF-8"?>
<testng-results ignored="0" total="5" passed="5" failed="0" skipped="0">
  <reporter-output>
  </reporter-output>
  <suite started-at="2025-07-30T11:25:20Z" name="Surefire suite" finished-at="2025-07-30T11:28:36Z" duration-ms="196354">
    <groups>
    </groups>
    <test started-at="2025-07-30T11:25:20Z" name="Surefire test" finished-at="2025-07-30T11:28:36Z" duration-ms="196354">
      <class name="medicare_test.MedicareProductTest">
        <test-method is-config="true" signature="SetUp()[pri:0, instance:medicare_test.MedicareProductTest@78a2da20]" started-at="2025-07-30T11:26:06Z" name="SetUp" finished-at="2025-07-30T11:26:20Z" duration-ms="13846" status="PASS">
          <reporter-output>
          </reporter-output>
        </test-method> <!-- SetUp -->
        <test-method signature="multipleCartValue()[pri:0, instance:medicare_test.MedicareProductTest@78a2da20]" started-at="2025-07-30T11:26:20Z" name="multipleCartValue" finished-at="2025-07-30T11:26:43Z" duration-ms="22611" status="PASS">
          <reporter-output>
          </reporter-output>
        </test-method> <!-- multipleCartValue -->
        <test-method is-config="true" signature="TearDown()[pri:0, instance:medicare_test.MedicareProductTest@78a2da20]" started-at="2025-07-30T11:26:43Z" name="TearDown" finished-at="2025-07-30T11:26:46Z" duration-ms="3611" status="PASS">
          <reporter-output>
          </reporter-output>
        </test-method> <!-- TearDown -->
        <test-method is-config="true" signature="SetUp()[pri:0, instance:medicare_test.MedicareProductTest@78a2da20]" started-at="2025-07-30T11:28:04Z" name="SetUp" finished-at="2025-07-30T11:28:18Z" duration-ms="14372" status="PASS">
          <reporter-output>
          </reporter-output>
        </test-method> <!-- SetUp -->
        <test-method signature="AddToCartTest()[pri:1, instance:medicare_test.MedicareProductTest@78a2da20]" started-at="2025-07-30T11:28:18Z" name="AddToCartTest" finished-at="2025-07-30T11:28:34Z" duration-ms="15373" status="PASS">
          <reporter-output>
          </reporter-output>
        </test-method> <!-- AddToCartTest -->
        <test-method is-config="true" signature="TearDown()[pri:0, instance:medicare_test.MedicareProductTest@78a2da20]" started-at="2025-07-30T11:28:34Z" name="TearDown" finished-at="2025-07-30T11:28:36Z" duration-ms="2372" status="PASS">
          <reporter-output>
          </reporter-output>
        </test-method> <!-- TearDown -->
      </class> <!-- medicare_test.MedicareProductTest -->
      <class name="medicare_test.MedicareSignupTest">
        <test-method is-config="true" signature="SetUp()[pri:0, instance:medicare_test.MedicareSignupTest@dd3b207]" started-at="2025-07-30T11:26:46Z" name="SetUp" finished-at="2025-07-30T11:27:08Z" duration-ms="21478" status="PASS">
          <reporter-output>
          </reporter-output>
        </test-method> <!-- SetUp -->
        <test-method signature="LoginSucessTest()[pri:0, instance:medicare_test.MedicareSignupTest@dd3b207]" started-at="2025-07-30T11:27:08Z" name="LoginSucessTest" finished-at="2025-07-30T11:27:27Z" duration-ms="18986" status="PASS">
          <reporter-output>
          </reporter-output>
        </test-method> <!-- LoginSucessTest -->
        <test-method is-config="true" signature="TearDown()[pri:0, instance:medicare_test.MedicareSignupTest@dd3b207]" started-at="2025-07-30T11:27:27Z" name="TearDown" finished-at="2025-07-30T11:27:32Z" duration-ms="5090" status="PASS">
          <reporter-output>
          </reporter-output>
        </test-method> <!-- TearDown -->
      </class> <!-- medicare_test.MedicareSignupTest -->
      <class name="medicare_test.MedicareLoginTest">
        <test-method is-config="true" signature="SetUp()[pri:0, instance:medicare_test.MedicareLoginTest@23a5fd2]" started-at="2025-07-30T11:25:20Z" name="SetUp" finished-at="2025-07-30T11:25:50Z" duration-ms="30169" status="PASS">
          <reporter-output>
          </reporter-output>
        </test-method> <!-- SetUp -->
        <test-method signature="LoginFailureTest()[pri:0, instance:medicare_test.MedicareLoginTest@23a5fd2]" started-at="2025-07-30T11:25:50Z" name="LoginFailureTest" finished-at="2025-07-30T11:26:03Z" duration-ms="13371" status="PASS">
          <reporter-output>
          </reporter-output>
        </test-method> <!-- LoginFailureTest -->
        <test-method is-config="true" signature="TearDown()[pri:0, instance:medicare_test.MedicareLoginTest@23a5fd2]" started-at="2025-07-30T11:26:03Z" name="TearDown" finished-at="2025-07-30T11:26:06Z" duration-ms="2582" status="PASS">
          <reporter-output>
          </reporter-output>
        </test-method> <!-- TearDown -->
        <test-method is-config="true" signature="SetUp()[pri:0, instance:medicare_test.MedicareLoginTest@23a5fd2]" started-at="2025-07-30T11:27:32Z" name="SetUp" finished-at="2025-07-30T11:27:52Z" duration-ms="19932" status="PASS">
          <reporter-output>
          </reporter-output>
        </test-method> <!-- SetUp -->
        <test-method signature="LoginSucessTest()[pri:1, instance:medicare_test.MedicareLoginTest@23a5fd2]" started-at="2025-07-30T11:27:52Z" name="LoginSucessTest" finished-at="2025-07-30T11:28:01Z" duration-ms="9835" status="PASS">
          <reporter-output>
          </reporter-output>
        </test-method> <!-- LoginSucessTest -->
        <test-method is-config="true" signature="TearDown()[pri:0, instance:medicare_test.MedicareLoginTest@23a5fd2]" started-at="2025-07-30T11:28:01Z" name="TearDown" finished-at="2025-07-30T11:28:04Z" duration-ms="2545" status="PASS">
          <reporter-output>
          </reporter-output>
        </test-method> <!-- TearDown -->
      </class> <!-- medicare_test.MedicareLoginTest -->
    </test> <!-- Surefire test -->
  </suite> <!-- Surefire suite -->
</testng-results>
