<?xml version="1.0" encoding="UTF-8"?>
<testng-results ignored="0" total="3" passed="3" failed="0" skipped="0">
  <reporter-output>
  </reporter-output>
  <suite started-at="2025-07-30T05:46:13Z" name="Surefire suite" finished-at="2025-07-30T05:47:59Z" duration-ms="106011">
    <groups>
    </groups>
    <test started-at="2025-07-30T05:46:13Z" name="Surefire test" finished-at="2025-07-30T05:47:59Z" duration-ms="106011">
      <class name="medicare_test.MedicareSignupTest">
        <test-method is-config="true" signature="SetUp()[pri:0, instance:medicare_test.MedicareSignupTest@78a2da20]" started-at="2025-07-30T05:46:36Z" name="SetUp" finished-at="2025-07-30T05:46:55Z" duration-ms="18892" status="PASS">
          <reporter-output>
          </reporter-output>
        </test-method> <!-- SetUp -->
        <test-method signature="LoginSucessTest()[pri:0, instance:medicare_test.MedicareSignupTest@78a2da20]" started-at="2025-07-30T05:46:55Z" name="LoginSucessTest" finished-at="2025-07-30T05:47:10Z" duration-ms="15487" status="PASS">
          <reporter-output>
          </reporter-output>
        </test-method> <!-- LoginSucessTest -->
        <test-method is-config="true" signature="TearDown()[pri:0, instance:medicare_test.MedicareSignupTest@78a2da20]" started-at="2025-07-30T05:47:10Z" name="TearDown" finished-at="2025-07-30T05:47:10Z" duration-ms="2" status="PASS">
          <reporter-output>
          </reporter-output>
        </test-method> <!-- TearDown -->
      </class> <!-- medicare_test.MedicareSignupTest -->
      <class name="medicare_test.MedicareLoginTest">
        <test-method is-config="true" signature="SetUp()[pri:0, instance:medicare_test.MedicareLoginTest@23a5fd2]" started-at="2025-07-30T05:46:13Z" name="SetUp" finished-at="2025-07-30T05:46:31Z" duration-ms="18589" status="PASS">
          <reporter-output>
          </reporter-output>
        </test-method> <!-- SetUp -->
        <test-method signature="LoginFailureTest()[pri:0, instance:medicare_test.MedicareLoginTest@23a5fd2]" started-at="2025-07-30T05:46:31Z" name="LoginFailureTest" finished-at="2025-07-30T05:46:36Z" duration-ms="4520" status="PASS">
          <reporter-output>
          </reporter-output>
        </test-method> <!-- LoginFailureTest -->
        <test-method is-config="true" signature="TearDown()[pri:0, instance:medicare_test.MedicareLoginTest@23a5fd2]" started-at="2025-07-30T05:46:36Z" name="TearDown" finished-at="2025-07-30T05:46:36Z" duration-ms="1" status="PASS">
          <reporter-output>
          </reporter-output>
        </test-method> <!-- TearDown -->
        <test-method is-config="true" signature="SetUp()[pri:0, instance:medicare_test.MedicareLoginTest@23a5fd2]" started-at="2025-07-30T05:47:10Z" name="SetUp" finished-at="2025-07-30T05:47:51Z" duration-ms="40993" status="PASS">
          <reporter-output>
          </reporter-output>
        </test-method> <!-- SetUp -->
        <test-method signature="LoginSucessTest()[pri:1, instance:medicare_test.MedicareLoginTest@23a5fd2]" started-at="2025-07-30T05:47:51Z" name="LoginSucessTest" finished-at="2025-07-30T05:47:59Z" duration-ms="7395" status="PASS">
          <reporter-output>
          </reporter-output>
        </test-method> <!-- LoginSucessTest -->
        <test-method is-config="true" signature="TearDown()[pri:0, instance:medicare_test.MedicareLoginTest@23a5fd2]" started-at="2025-07-30T05:47:59Z" name="TearDown" finished-at="2025-07-30T05:47:59Z" duration-ms="1" status="PASS">
          <reporter-output>
          </reporter-output>
        </test-method> <!-- TearDown -->
      </class> <!-- medicare_test.MedicareLoginTest -->
    </test> <!-- Surefire test -->
  </suite> <!-- Surefire suite -->
</testng-results>
