<?xml version="1.0" encoding="UTF-8"?>
<!-- Generated by org.testng.reporters.JUnitXMLReporter -->
<testsuite ignored="0" hostname="DESKTOP-AHQ7GT0" failures="0" tests="5" name="MedicareTest" time="153.884" errors="0" timestamp="2025-07-30T20:40:45 IST">
  <testcase classname="medicare_test.MedicareLoginTest" name="LoginFailureTest" time="10.69"/>
  <testcase classname="medicare_test.MedicareLoginTest" name="LoginSucessTest" time="4.846"/>
  <testcase classname="medicare_test.MedicareSignupTest" name="LoginSucessTest" time="12.153"/>
  <testcase classname="medicare_test.MedicareProductTest" name="multipleCartValue" time="26.688"/>
  <testcase classname="medicare_test.MedicareProductTest" name="AddToCartTest" time="18.782"/>
</testsuite> <!-- MedicareTest -->
